WARNING (------): DXF version not recognised or not release 12-15.
ASCII DXF release 15 is recommended
WARNING (001718): BLOCK object group 3 unknown/not supported - ignored.
WARNING (001720): BLOCK object group 1 unknown/not supported - ignored.
SYMBOL: layer="0", name="*Model_Space", org=(0,0), 0 entities.
WARNING (001742): BLOCK object group 67 unknown/not supported - ignored.
WARNING (001758): BLOCK object group 3 unknown/not supported - ignored.
WARNING (001760): BLOCK object group 1 unknown/not supported - ignored.
SYMBOL: layer="0", name="*Paper_Space", org=(0,0), 0 entities.
WARNING (001770): BLOCKS section group 67 unknown/not supported - ignored.
WARNING (001798): BLOCK object group 3 unknown/not supported - ignored.
WARNING (001800): BLOCK object group 1 unknown/not supported - ignored.
SYMBOL: layer="0", name="*Paper_Space0", org=(0,0), 0 entities.
ARC entity, line 1820
WARNING (001830): fcb.line, ARC entity group 6 unknown/not supported - ignored.
WARNING (001834): fcb.line, ARC entity group 370 unknown/not supported - ignored.
ARC: layer="0", c=(-12700,165100), r=12700, start=270.0ø, end=90.0ø
LINE entity, line 1852
WARNING (001862): LINE/3DLINE entity group 6 unknown/not supported - ignored.
WARNING (001866): LINE/3DLINE entity group 370 unknown/not supported - ignored.
LINE: layer="0", p1=(-12700,177800), p2=(-241300,177800)
ARC entity, line 1882
WARNING (001892): fcb.line, ARC entity group 6 unknown/not supported - ignored.
WARNING (001896): fcb.line, ARC entity group 370 unknown/not supported - ignored.
ARC: layer="0", c=(-241300,165100), r=12700, start=90.0ø, end=270.0ø
LINE entity, line 1914
WARNING (001924): LINE/3DLINE entity group 6 unknown/not supported - ignored.
WARNING (001928): LINE/3DLINE entity group 370 unknown/not supported - ignored.
LINE: layer="0", p1=(-241300,152400), p2=(-241300,25400)
ARC entity, line 1944
WARNING (001954): fcb.line, ARC entity group 6 unknown/not supported - ignored.
WARNING (001958): fcb.line, ARC entity group 370 unknown/not supported - ignored.
ARC: layer="0", c=(-241300,12700), r=12700, start=90.0ø, end=270.0ø
LINE entity, line 1976
WARNING (001986): LINE/3DLINE entity group 6 unknown/not supported - ignored.
WARNING (001990): LINE/3DLINE entity group 370 unknown/not supported - ignored.
LINE: layer="0", p1=(-241300,0), p2=(-12700,0)
ARC entity, line 2006
WARNING (002016): fcb.line, ARC entity group 6 unknown/not supported - ignored.
WARNING (002020): fcb.line, ARC entity group 370 unknown/not supported - ignored.
ARC: layer="0", c=(-12700,12700), r=12700, start=270.0ø, end=90.0ø
LINE entity, line 2038
WARNING (002048): LINE/3DLINE entity group 6 unknown/not supported - ignored.
WARNING (002052): LINE/3DLINE entity group 370 unknown/not supported - ignored.
LINE: layer="0", p1=(-12700,25400), p2=(-12700,152400)
CIRCLE entity, line 2068
WARNING (002078): CIRCLE entity group 6 unknown/not supported - ignored.
WARNING (002082): CIRCLE entity group 370 unknown/not supported - ignored.
CIRCLE: layer="0", c=(-241300,165100), r=4445
CIRCLE entity, line 2094
WARNING (002104): CIRCLE entity group 6 unknown/not supported - ignored.
WARNING (002108): CIRCLE entity group 370 unknown/not supported - ignored.
CIRCLE: layer="0", c=(-12700,165100), r=4445
CIRCLE entity, line 2120
WARNING (002130): CIRCLE entity group 6 unknown/not supported - ignored.
WARNING (002134): CIRCLE entity group 370 unknown/not supported - ignored.
CIRCLE: layer="0", c=(-12700,12700), r=4445
CIRCLE entity, line 2146
WARNING (002156): CIRCLE entity group 6 unknown/not supported - ignored.
WARNING (002160): CIRCLE entity group 370 unknown/not supported - ignored.
CIRCLE: layer="0", c=(-241300,12700), r=4445
EXPORT ARC: Unmapped arc: o=(-12700,165100), r=12700, sa=270.0ø, ea= 90.0ø.
EXPORT ARC: CTM: o=(0,0), rot=0.0ø, xscale=1.000000, yscale=1.000000
LINEARISING: c1=(0,-12700) max=63
   c1=(0,-12700), c2=(6350,-6350), c3=(12700,0), cs=270.0ø, cm=315.0ø, ce=360.0ø, pt=(8980,-8980), d=3719
   c1=(0,-12700), c2=(4490,-10840), c3=(8980,-8980), cs=270.0ø, cm=292.5ø, ce=315.0ø, pt=(4860,-11733), d=966
   c1=(0,-12700), c2=(2430,-12216), c3=(4860,-11733), cs=270.0ø, cm=281.2ø, ce=292.5ø, pt=(2467,-12458), d=244
   c1=(0,-12700), c2=(1233,-12579), c3=(2467,-12458), cs=270.0ø, cm=275.6ø, ce=281.2ø, pt=(1239,-12639), d=60
LINEARISING DONE. c3=(2467,-12458) cs=281.2ø (end=450.0)
LINEARISING: c1=(2467,-12458) max=63
   c1=(2467,-12458), c2=(7462,-4995), c3=(12458,2467), cs=281.2ø, cm=326.2ø, ce=371.2ø, pt=(10554,-7065), d=3720
   c1=(2467,-12458), c2=(6510,-9761), c3=(10554,-7065), cs=281.2ø, cm=303.7ø, ce=326.2ø, pt=(7047,-10566), d=967
   c1=(2467,-12458), c2=(4757,-11512), c3=(7047,-10566), cs=281.2ø, cm=292.4ø, ce=303.7ø, pt=(4840,-11742), d=244
   c1=(2467,-12458), c2=(3653,-12100), c3=(4840,-11742), cs=281.2ø, cm=286.8ø, ce=292.4ø, pt=(3671,-12158), d=60
LINEARISING DONE. c3=(4840,-11742) cs=292.4ø (end=450.0)
LINEARISING: c1=(4840,-11742) max=63
   c1=(4840,-11742), c2=(8291,-3451), c3=(11742,4840), cs=292.4ø, cm=337.4ø, ce=382.4ø, pt=(11725,-4881), d=3719
   c1=(4840,-11742), c2=(8282,-8311), c3=(11725,-4881), cs=292.4ø, cm=314.9ø, ce=337.4ø, pt=(8965,-8996), d=967
   c1=(4840,-11742), c2=(6902,-10369), c3=(8965,-8996), cs=292.4ø, cm=303.6ø, ce=314.9ø, pt=(7028,-10578), d=244
   c1=(4840,-11742), c2=(5934,-11160), c3=(7028,-10578), cs=292.4ø, cm=298.0ø, ce=303.6ø, pt=(5962,-11213), d=59
LINEARISING DONE. c3=(7028,-10578) cs=303.6ø (end=450.0)
LINEARISING: c1=(7028,-10578) max=63
   c1=(7028,-10578), c2=(8803,-1775), c3=(10578,7028), cs=303.6ø, cm=348.6ø, ce=393.6ø, pt=(12449,-2510), d=3719
   c1=(7028,-10578), c2=(9738,-6544), c3=(12449,-2510), cs=303.6ø, cm=326.1ø, ce=348.6ø, pt=(10541,-7083), d=967
   c1=(7028,-10578), c2=(8784,-8830), c3=(10541,-7083), cs=303.6ø, cm=314.8ø, ce=326.1ø, pt=(8949,-9012), d=245
   c1=(7028,-10578), c2=(7988,-9795), c3=(8949,-9012), cs=303.6ø, cm=309.2ø, ce=314.8ø, pt=(8027,-9842), d=61
LINEARISING DONE. c3=(8949,-9012) cs=314.8ø (end=450.0)
LINEARISING: c1=(8949,-9012) max=63
   c1=(8949,-9012), c2=(8980,-31), c3=(9012,8949), cs=314.8ø, cm=359.8ø, ce=404.8ø, pt=(12700,-44), d=3720
   c1=(8949,-9012), c2=(10824,-4528), c3=(12700,-44), cs=314.8ø, cm=337.3ø, ce=359.8ø, pt=(11716,-4901), d=966
   c1=(8949,-9012), c2=(10332,-6956), c3=(11716,-4901), cs=314.8ø, cm=326.0ø, ce=337.3ø, pt=(10529,-7102), d=245
   c1=(8949,-9012), c2=(9739,-8057), c3=(10529,-7102), cs=314.8ø, cm=320.4ø, ce=326.0ø, pt=(9786,-8095), d=60
LINEARISING DONE. c3=(10529,-7102) cs=326.0ø (end=450.0)
LINEARISING: c1=(10529,-7102) max=63
   c1=(10529,-7102), c2=(8815,1713), c3=(7102,10529), cs=326.0ø, cm=371.0ø, ce=416.0ø, pt=(12467,2423), d=3720
   c1=(10529,-7102), c2=(11498,-2339), c3=(12467,2423), cs=326.0ø, cm=348.5ø, ce=371.0ø, pt=(12445,-2532), d=966
   c1=(10529,-7102), c2=(11487,-4817), c3=(12445,-2532), cs=326.0ø, cm=337.2ø, ce=348.5ø, pt=(11708,-4921), d=244
   c1=(10529,-7102), c2=(11118,-6011), c3=(11708,-4921), cs=326.0ø, cm=331.6ø, ce=337.2ø, pt=(11172,-6040), d=61
LINEARISING DONE. c3=(11708,-4921) cs=337.2ø (end=450.0)
LINEARISING: c1=(11708,-4921) max=63
   c1=(11708,-4921), c2=(8314,3393), c3=(4921,11708), cs=337.2ø, cm=382.2ø, ce=427.2ø, pt=(11759,4799), d=3720
   c1=(11708,-4921), c2=(11733,-61), c3=(11759,4799), cs=337.2ø, cm=359.7ø, ce=382.2ø, pt=(12700,-66), d=967
   c1=(11708,-4921), c2=(12204,-2493), c3=(12700,-66), cs=337.2ø, cm=348.4ø, ce=359.7ø, pt=(12441,-2554), d=244
   c1=(11708,-4921), c2=(12074,-3737), c3=(12441,-2554), cs=337.2ø, cm=342.8ø, ce=348.4ø, pt=(12132,-3755), d=60
LINEARISING DONE. c3=(12441,-2554) cs=348.4ø (end=450.0)
LINEARISING: c1=(12441,-2554) max=63
   c1=(12441,-2554), c2=(7497,4943), c3=(2554,12441), cs=348.4ø, cm=393.4ø, ce=438.4ø, pt=(10603,6991), d=3720
   c1=(12441,-2554), c2=(11522,2218), c3=(10603,6991), cs=348.4ø, cm=370.9ø, ce=393.4ø, pt=(12471,2402), d=966
   c1=(12441,-2554), c2=(12456,-76), c3=(12471,2402), cs=348.4ø, cm=359.6ø, ce=370.9ø, pt=(12700,-89), d=244
   c1=(12441,-2554), c2=(12570,-1321), c3=(12700,-89), cs=348.4ø, cm=354.0ø, ce=359.6ø, pt=(12630,-1328), d=60
LINEARISING DONE. c3=(12700,-89) cs=359.6ø (end=450.0)
LINEARISING: c1=(12700,-89) max=63
   c1=(12700,-89), c2=(6394,6305), c3=(89,12700), cs=359.6ø, cm=404.6ø, ce=449.6ø, pt=(9043,8917), d=3720
   c1=(12700,-89), c2=(10871,4414), c3=(9043,8917), cs=359.6ø, cm=382.1ø, ce=404.6ø, pt=(11767,4778), d=967
   c1=(12700,-89), c2=(12233,2344), c3=(11767,4778), cs=359.6ø, cm=370.8ø, ce=382.1ø, pt=(12475,2380), d=244
   c1=(12700,-89), c2=(12587,1145), c3=(12475,2380), cs=359.6ø, cm=365.2ø, ce=370.8ø, pt=(12648,1151), d=61
LINEARISING DONE. c3=(12475,2380) cs=370.8ø (end=450.0)
LINEARISING: c1=(12475,2380) max=63
   c1=(12475,2380), c2=(6237,7540), c3=(0,12700), cs=370.8ø, cm=410.4ø, ce=450.0ø, pt=(8095,9786), d=2914
   c1=(12475,2380), c2=(10285,6083), c3=(8095,9786), cs=370.8ø, cm=390.6ø, ce=410.4ø, pt=(10931,6465), d=750
   c1=(12475,2380), c2=(11703,4422), c3=(10931,6465), cs=370.8ø, cm=380.7ø, ce=390.6ø, pt=(11880,4489), d=189
   c1=(12475,2380), c2=(12177,3434), c3=(11880,4489), cs=370.8ø, cm=375.7ø, ce=380.7ø, pt=(12226,3437), d=49
LINEARISING DONE. c3=(11880,4489) cs=380.7ø (end=450.0)
LINEARISING: c1=(11880,4489) max=63
   c1=(11880,4489), c2=(5940,8594), c3=(0,12700), cs=380.7ø, cm=415.3ø, ce=450.0ø, pt=(7230,10441), d=2252
   c1=(11880,4489), c2=(9555,7465), c3=(7230,10441), cs=380.7ø, cm=398.0ø, ce=415.3ø, pt=(10008,7819), d=574
   c1=(11880,4489), c2=(10944,6154), c3=(10008,7819), cs=380.7ø, cm=389.3ø, ce=398.0ø, pt=(11075,6215), d=144
   c1=(11880,4489), c2=(11477,5352), c3=(11075,6215), cs=380.7ø, cm=385.0ø, ce=389.3ø, pt=(11510,5367), d=36
LINEARISING DONE. c3=(11075,6215) cs=389.3ø (end=450.0)
LINEARISING: c1=(11075,6215) max=63
   c1=(11075,6215), c2=(5537,9457), c3=(0,12700), cs=389.3ø, cm=419.6ø, ce=450.0ø, pt=(6427,10954), d=1741
   c1=(11075,6215), c2=(8751,8584), c3=(6427,10954), cs=389.3ø, cm=404.4ø, ce=419.6ø, pt=(9074,8886), d=442
   c1=(11075,6215), c2=(10074,7550), c3=(9074,8886), cs=389.3ø, cm=396.8ø, ce=404.4ø, pt=(10169,7608), d=111
   c1=(11075,6215), c2=(10622,6911), c3=(10169,7608), cs=389.3ø, cm=393.0ø, ce=396.8ø, pt=(10651,6917), d=29
LINEARISING DONE. c3=(10169,7608) cs=396.8ø (end=450.0)
LINEARISING: c1=(10169,7608) max=63
   c1=(10169,7608), c2=(5084,10154), c3=(0,12700), cs=396.8ø, cm=423.4ø, ce=450.0ø, pt=(5687,11356), d=1344
   c1=(10169,7608), c2=(7928,9482), c3=(5687,11356), cs=396.8ø, cm=410.1ø, ce=423.4ø, pt=(8146,9743), d=340
   c1=(10169,7608), c2=(9157,8675), c3=(8146,9743), cs=396.8ø, cm=403.4ø, ce=410.1ø, pt=(9227,8726), d=86
   c1=(10169,7608), c2=(9698,8167), c3=(9227,8726), cs=396.8ø, cm=400.1ø, ce=403.4ø, pt=(9715,8180), d=21
LINEARISING DONE. c3=(9227,8726) cs=403.4ø (end=450.0)
LINEARISING: c1=(9227,8726) max=63
   c1=(9227,8726), c2=(4613,10713), c3=(0,12700), cs=403.4ø, cm=426.7ø, ce=450.0ø, pt=(5023,11664), d=1035
   c1=(9227,8726), c2=(7125,10195), c3=(5023,11664), cs=403.4ø, cm=415.0ø, ce=426.7ø, pt=(7284,10403), d=261
   c1=(9227,8726), c2=(8255,9564), c3=(7284,10403), cs=403.4ø, cm=409.2ø, ce=415.0ø, pt=(8298,9614), d=65
   c1=(9227,8726), c2=(8762,9170), c3=(8298,9614), cs=403.4ø, cm=406.3ø, ce=409.2ø, pt=(8774,9182), d=16
LINEARISING DONE. c3=(8298,9614) cs=409.2ø (end=450.0)
LINEARISING: c1=(8298,9614) max=63
   c1=(8298,9614), c2=(4149,11157), c3=(0,12700), cs=409.2ø, cm=429.6ø, ce=450.0ø, pt=(4427,11903), d=796
   c1=(8298,9614), c2=(6362,10758), c3=(4427,11903), cs=409.2ø, cm=419.4ø, ce=429.6ø, pt=(6465,10931), d=201
   c1=(8298,9614), c2=(7381,10272), c3=(6465,10931), cs=409.2ø, cm=414.3ø, ce=419.4ø, pt=(7411,10313), d=50
LINEARISING DONE. c3=(6465,10931) cs=419.4ø (end=450.0)
LINEARISING: c1=(6465,10931) max=63
   c1=(6465,10931), c2=(3232,11815), c3=(0,12700), cs=419.4ø, cm=434.7ø, ce=450.0ø, pt=(3351,12250), d=450
   c1=(6465,10931), c2=(4908,11590), c3=(3351,12250), cs=419.4ø, cm=427.0ø, ce=434.7ø, pt=(4962,11690), d=113
   c1=(6465,10931), c2=(5713,11310), c3=(4962,11690), cs=419.4ø, cm=423.2ø, ce=427.0ø, pt=(5726,11336), d=29
LINEARISING DONE. c3=(4962,11690) cs=427.0ø (end=450.0)
LINEARISING: c1=(4962,11690) max=63
   c1=(4962,11690), c2=(2481,12195), c3=(0,12700), cs=427.0ø, cm=438.5ø, ce=450.0ø, pt=(2532,12445), d=255
   c1=(4962,11690), c2=(3747,12067), c3=(2532,12445), cs=427.0ø, cm=432.7ø, ce=438.5ø, pt=(3777,12125), d=65
   c1=(4962,11690), c2=(4369,11907), c3=(3777,12125), cs=427.0ø, cm=429.8ø, ce=432.7ø, pt=(4385,11919), d=20
LINEARISING DONE. c3=(3777,12125) cs=432.7ø (end=450.0)
LINEARISING: c1=(3777,12125) max=63
   c1=(3777,12125), c2=(1888,12412), c3=(0,12700), cs=432.7ø, cm=441.3ø, ce=450.0ø, pt=(1921,12554), d=145
   c1=(3777,12125), c2=(2849,12339), c3=(1921,12554), cs=432.7ø, cm=437.0ø, ce=441.3ø, pt=(2857,12374), d=35
LINEARISING DONE. c3=(1921,12554) cs=441.3ø (end=450.0)
LINEARISING: c1=(1921,12554) max=63
   c1=(1921,12554), c2=(960,12627), c3=(0,12700), cs=441.3ø, cm=445.6ø, ce=450.0ø, pt=(974,12663), d=38
LINEARISING DONE. c3=(0,12700) cs=450.0ø (end=450.0)
EXPORT ARC: Arc linearised to 21 points.
EXPORT ARC: Unmapped arc: o=(-241300,165100), r=12700, sa=90.0ø, ea=270.0ø.
EXPORT ARC: CTM: o=(0,0), rot=0.0ø, xscale=1.000000, yscale=1.000000
LINEARISING: c1=(0,12700) max=63
   c1=(0,12700), c2=(-6350,6350), c3=(-12700,0), cs=90.0ø, cm=135.0ø, ce=180.0ø, pt=(-8980,8980), d=3719
   c1=(0,12700), c2=(-4490,10840), c3=(-8980,8980), cs=90.0ø, cm=112.5ø, ce=135.0ø, pt=(-4860,11733), d=966
   c1=(0,12700), c2=(-2430,12216), c3=(-4860,11733), cs=90.0ø, cm=101.2ø, ce=112.5ø, pt=(-2467,12458), d=244
   c1=(0,12700), c2=(-1233,12579), c3=(-2467,12458), cs=90.0ø, cm=95.6ø, ce=101.2ø, pt=(-1239,12639), d=60
LINEARISING DONE. c3=(-2467,12458) cs=101.2ø (end=270.0)
LINEARISING: c1=(-2467,12458) max=63
   c1=(-2467,12458), c2=(-7462,4995), c3=(-12458,-2467), cs=101.2ø, cm=146.2ø, ce=191.2ø, pt=(-10554,7065), d=3720
   c1=(-2467,12458), c2=(-6510,9761), c3=(-10554,7065), cs=101.2ø, cm=123.7ø, ce=146.2ø, pt=(-7047,10566), d=967
   c1=(-2467,12458), c2=(-4757,11512), c3=(-7047,10566), cs=101.2ø, cm=112.4ø, ce=123.7ø, pt=(-4840,11742), d=244
   c1=(-2467,12458), c2=(-3653,12100), c3=(-4840,11742), cs=101.2ø, cm=106.8ø, ce=112.4ø, pt=(-3671,12158), d=60
LINEARISING DONE. c3=(-4840,11742) cs=112.4ø (end=270.0)
LINEARISING: c1=(-4840,11742) max=63
   c1=(-4840,11742), c2=(-8291,3451), c3=(-11742,-4840), cs=112.4ø, cm=157.4ø, ce=202.4ø, pt=(-11725,4881), d=3719
   c1=(-4840,11742), c2=(-8282,8311), c3=(-11725,4881), cs=112.4ø, cm=134.9ø, ce=157.4ø, pt=(-8965,8996), d=967
   c1=(-4840,11742), c2=(-6902,10369), c3=(-8965,8996), cs=112.4ø, cm=123.6ø, ce=134.9ø, pt=(-7028,10578), d=244
   c1=(-4840,11742), c2=(-5934,11160), c3=(-7028,10578), cs=112.4ø, cm=118.0ø, ce=123.6ø, pt=(-5962,11213), d=59
LINEARISING DONE. c3=(-7028,10578) cs=123.6ø (end=270.0)
LINEARISING: c1=(-7028,10578) max=63
   c1=(-7028,10578), c2=(-8803,1775), c3=(-10578,-7028), cs=123.6ø, cm=168.6ø, ce=213.6ø, pt=(-12449,2510), d=3719
   c1=(-7028,10578), c2=(-9738,6544), c3=(-12449,2510), cs=123.6ø, cm=146.1ø, ce=168.6ø, pt=(-10541,7083), d=967
   c1=(-7028,10578), c2=(-8784,8830), c3=(-10541,7083), cs=123.6ø, cm=134.8ø, ce=146.1ø, pt=(-8949,9012), d=245
   c1=(-7028,10578), c2=(-7988,9795), c3=(-8949,9012), cs=123.6ø, cm=129.2ø, ce=134.8ø, pt=(-8027,9842), d=61
LINEARISING DONE. c3=(-8949,9012) cs=134.8ø (end=270.0)
LINEARISING: c1=(-8949,9012) max=63
   c1=(-8949,9012), c2=(-8980,31), c3=(-9012,-8949), cs=134.8ø, cm=179.8ø, ce=224.8ø, pt=(-12700,44), d=3720
   c1=(-8949,9012), c2=(-10824,4528), c3=(-12700,44), cs=134.8ø, cm=157.3ø, ce=179.8ø, pt=(-11716,4901), d=966
   c1=(-8949,9012), c2=(-10332,6956), c3=(-11716,4901), cs=134.8ø, cm=146.0ø, ce=157.3ø, pt=(-10529,7102), d=245
   c1=(-8949,9012), c2=(-9739,8057), c3=(-10529,7102), cs=134.8ø, cm=140.4ø, ce=146.0ø, pt=(-9786,8095), d=60
LINEARISING DONE. c3=(-10529,7102) cs=146.0ø (end=270.0)
LINEARISING: c1=(-10529,7102) max=63
   c1=(-10529,7102), c2=(-8815,-1713), c3=(-7102,-10529), cs=146.0ø, cm=191.0ø, ce=236.0ø, pt=(-12467,-2423), d=3720
   c1=(-10529,7102), c2=(-11498,2339), c3=(-12467,-2423), cs=146.0ø, cm=168.5ø, ce=191.0ø, pt=(-12445,2532), d=966
   c1=(-10529,7102), c2=(-11487,4817), c3=(-12445,2532), cs=146.0ø, cm=157.2ø, ce=168.5ø, pt=(-11708,4921), d=244
   c1=(-10529,7102), c2=(-11118,6011), c3=(-11708,4921), cs=146.0ø, cm=151.6ø, ce=157.2ø, pt=(-11172,6040), d=61
LINEARISING DONE. c3=(-11708,4921) cs=157.2ø (end=270.0)
LINEARISING: c1=(-11708,4921) max=63
   c1=(-11708,4921), c2=(-8314,-3393), c3=(-4921,-11708), cs=157.2ø, cm=202.2ø, ce=247.2ø, pt=(-11759,-4799), d=3720
   c1=(-11708,4921), c2=(-11733,61), c3=(-11759,-4799), cs=157.2ø, cm=179.7ø, ce=202.2ø, pt=(-12700,66), d=967
   c1=(-11708,4921), c2=(-12204,2493), c3=(-12700,66), cs=157.2ø, cm=168.4ø, ce=179.7ø, pt=(-12441,2554), d=244
   c1=(-11708,4921), c2=(-12074,3737), c3=(-12441,2554), cs=157.2ø, cm=162.8ø, ce=168.4ø, pt=(-12132,3755), d=60
LINEARISING DONE. c3=(-12441,2554) cs=168.4ø (end=270.0)
LINEARISING: c1=(-12441,2554) max=63
   c1=(-12441,2554), c2=(-7497,-4943), c3=(-2554,-12441), cs=168.4ø, cm=213.4ø, ce=258.4ø, pt=(-10603,-6991), d=3720
   c1=(-12441,2554), c2=(-11522,-2218), c3=(-10603,-6991), cs=168.4ø, cm=190.9ø, ce=213.4ø, pt=(-12471,-2402), d=966
   c1=(-12441,2554), c2=(-12456,76), c3=(-12471,-2402), cs=168.4ø, cm=179.6ø, ce=190.9ø, pt=(-12700,89), d=244
   c1=(-12441,2554), c2=(-12570,1321), c3=(-12700,89), cs=168.4ø, cm=174.0ø, ce=179.6ø, pt=(-12630,1328), d=60
LINEARISING DONE. c3=(-12700,89) cs=179.6ø (end=270.0)
LINEARISING: c1=(-12700,89) max=63
   c1=(-12700,89), c2=(-6394,-6305), c3=(-89,-12700), cs=179.6ø, cm=224.6ø, ce=269.6ø, pt=(-9043,-8917), d=3720
   c1=(-12700,89), c2=(-10871,-4414), c3=(-9043,-8917), cs=179.6ø, cm=202.1ø, ce=224.6ø, pt=(-11767,-4778), d=967
   c1=(-12700,89), c2=(-12233,-2344), c3=(-11767,-4778), cs=179.6ø, cm=190.8ø, ce=202.1ø, pt=(-12475,-2380), d=244
   c1=(-12700,89), c2=(-12587,-1145), c3=(-12475,-2380), cs=179.6ø, cm=185.2ø, ce=190.8ø, pt=(-12648,-1151), d=61
LINEARISING DONE. c3=(-12475,-2380) cs=190.8ø (end=270.0)
LINEARISING: c1=(-12475,-2380) max=63
   c1=(-12475,-2380), c2=(-6237,-7540), c3=(0,-12700), cs=190.8ø, cm=230.4ø, ce=270.0ø, pt=(-8095,-9786), d=2914
   c1=(-12475,-2380), c2=(-10285,-6083), c3=(-8095,-9786), cs=190.8ø, cm=210.6ø, ce=230.4ø, pt=(-10931,-6465), d=750
   c1=(-12475,-2380), c2=(-11703,-4422), c3=(-10931,-6465), cs=190.8ø, cm=200.7ø, ce=210.6ø, pt=(-11880,-4489), d=189
   c1=(-12475,-2380), c2=(-12177,-3434), c3=(-11880,-4489), cs=190.8ø, cm=195.7ø, ce=200.7ø, pt=(-12226,-3437), d=49
LINEARISING DONE. c3=(-11880,-4489) cs=200.7ø (end=270.0)
LINEARISING: c1=(-11880,-4489) max=63
   c1=(-11880,-4489), c2=(-5940,-8594), c3=(0,-12700), cs=200.7ø, cm=235.3ø, ce=270.0ø, pt=(-7230,-10441), d=2252
   c1=(-11880,-4489), c2=(-9555,-7465), c3=(-7230,-10441), cs=200.7ø, cm=218.0ø, ce=235.3ø, pt=(-10008,-7819), d=574
   c1=(-11880,-4489), c2=(-10944,-6154), c3=(-10008,-7819), cs=200.7ø, cm=209.3ø, ce=218.0ø, pt=(-11075,-6215), d=144
   c1=(-11880,-4489), c2=(-11477,-5352), c3=(-11075,-6215), cs=200.7ø, cm=205.0ø, ce=209.3ø, pt=(-11510,-5367), d=36
LINEARISING DONE. c3=(-11075,-6215) cs=209.3ø (end=270.0)
LINEARISING: c1=(-11075,-6215) max=63
   c1=(-11075,-6215), c2=(-5537,-9457), c3=(0,-12700), cs=209.3ø, cm=239.6ø, ce=270.0ø, pt=(-6427,-10954), d=1741
   c1=(-11075,-6215), c2=(-8751,-8584), c3=(-6427,-10954), cs=209.3ø, cm=224.4ø, ce=239.6ø, pt=(-9074,-8886), d=442
   c1=(-11075,-6215), c2=(-10074,-7550), c3=(-9074,-8886), cs=209.3ø, cm=216.8ø, ce=224.4ø, pt=(-10169,-7608), d=111
   c1=(-11075,-6215), c2=(-10622,-6911), c3=(-10169,-7608), cs=209.3ø, cm=213.0ø, ce=216.8ø, pt=(-10651,-6917), d=29
LINEARISING DONE. c3=(-10169,-7608) cs=216.8ø (end=270.0)
LINEARISING: c1=(-10169,-7608) max=63
   c1=(-10169,-7608), c2=(-5084,-10154), c3=(0,-12700), cs=216.8ø, cm=243.4ø, ce=270.0ø, pt=(-5687,-11356), d=1344
   c1=(-10169,-7608), c2=(-7928,-9482), c3=(-5687,-11356), cs=216.8ø, cm=230.1ø, ce=243.4ø, pt=(-8146,-9743), d=340
   c1=(-10169,-7608), c2=(-9157,-8675), c3=(-8146,-9743), cs=216.8ø, cm=223.4ø, ce=230.1ø, pt=(-9227,-8726), d=86
   c1=(-10169,-7608), c2=(-9698,-8167), c3=(-9227,-8726), cs=216.8ø, cm=220.1ø, ce=223.4ø, pt=(-9715,-8180), d=21
LINEARISING DONE. c3=(-9227,-8726) cs=223.4ø (end=270.0)
LINEARISING: c1=(-9227,-8726) max=63
   c1=(-9227,-8726), c2=(-4613,-10713), c3=(0,-12700), cs=223.4ø, cm=246.7ø, ce=270.0ø, pt=(-5023,-11664), d=1035
   c1=(-9227,-8726), c2=(-7125,-10195), c3=(-5023,-11664), cs=223.4ø, cm=235.0ø, ce=246.7ø, pt=(-7284,-10403), d=261
   c1=(-9227,-8726), c2=(-8255,-9564), c3=(-7284,-10403), cs=223.4ø, cm=229.2ø, ce=235.0ø, pt=(-8298,-9614), d=65
   c1=(-9227,-8726), c2=(-8762,-9170), c3=(-8298,-9614), cs=223.4ø, cm=226.3ø, ce=229.2ø, pt=(-8774,-9182), d=16
LINEARISING DONE. c3=(-8298,-9614) cs=229.2ø (end=270.0)
LINEARISING: c1=(-8298,-9614) max=63
   c1=(-8298,-9614), c2=(-4149,-11157), c3=(0,-12700), cs=229.2ø, cm=249.6ø, ce=270.0ø, pt=(-4427,-11903), d=796
   c1=(-8298,-9614), c2=(-6362,-10758), c3=(-4427,-11903), cs=229.2ø, cm=239.4ø, ce=249.6ø, pt=(-6465,-10931), d=201
   c1=(-8298,-9614), c2=(-7381,-10272), c3=(-6465,-10931), cs=229.2ø, cm=234.3ø, ce=239.4ø, pt=(-7411,-10313), d=50
LINEARISING DONE. c3=(-6465,-10931) cs=239.4ø (end=270.0)
LINEARISING: c1=(-6465,-10931) max=63
   c1=(-6465,-10931), c2=(-3232,-11815), c3=(0,-12700), cs=239.4ø, cm=254.7ø, ce=270.0ø, pt=(-3351,-12250), d=450
   c1=(-6465,-10931), c2=(-4908,-11590), c3=(-3351,-12250), cs=239.4ø, cm=247.0ø, ce=254.7ø, pt=(-4962,-11690), d=113
   c1=(-6465,-10931), c2=(-5713,-11310), c3=(-4962,-11690), cs=239.4ø, cm=243.2ø, ce=247.0ø, pt=(-5726,-11336), d=29
LINEARISING DONE. c3=(-4962,-11690) cs=247.0ø (end=270.0)
LINEARISING: c1=(-4962,-11690) max=63
   c1=(-4962,-11690), c2=(-2481,-12195), c3=(0,-12700), cs=247.0ø, cm=258.5ø, ce=270.0ø, pt=(-2532,-12445), d=255
   c1=(-4962,-11690), c2=(-3747,-12067), c3=(-2532,-12445), cs=247.0ø, cm=252.7ø, ce=258.5ø, pt=(-3777,-12125), d=65
   c1=(-4962,-11690), c2=(-4369,-11907), c3=(-3777,-12125), cs=247.0ø, cm=249.8ø, ce=252.7ø, pt=(-4385,-11919), d=20
LINEARISING DONE. c3=(-3777,-12125) cs=252.7ø (end=270.0)
LINEARISING: c1=(-3777,-12125) max=63
   c1=(-3777,-12125), c2=(-1888,-12412), c3=(0,-12700), cs=252.7ø, cm=261.3ø, ce=270.0ø, pt=(-1921,-12554), d=145
   c1=(-3777,-12125), c2=(-2849,-12339), c3=(-1921,-12554), cs=252.7ø, cm=257.0ø, ce=261.3ø, pt=(-2857,-12374), d=35
LINEARISING DONE. c3=(-1921,-12554) cs=261.3ø (end=270.0)
LINEARISING: c1=(-1921,-12554) max=63
   c1=(-1921,-12554), c2=(-960,-12627), c3=(0,-12700), cs=261.3ø, cm=265.6ø, ce=270.0ø, pt=(-974,-12663), d=38
LINEARISING DONE. c3=(0,-12700) cs=270.0ø (end=270.0)
EXPORT ARC: Arc linearised to 21 points.
EXPORT ARC: Unmapped arc: o=(-241300,12700), r=12700, sa=90.0ø, ea=270.0ø.
EXPORT ARC: CTM: o=(0,0), rot=0.0ø, xscale=1.000000, yscale=1.000000
LINEARISING: c1=(0,12700) max=63
   c1=(0,12700), c2=(-6350,6350), c3=(-12700,0), cs=90.0ø, cm=135.0ø, ce=180.0ø, pt=(-8980,8980), d=3719
   c1=(0,12700), c2=(-4490,10840), c3=(-8980,8980), cs=90.0ø, cm=112.5ø, ce=135.0ø, pt=(-4860,11733), d=966
   c1=(0,12700), c2=(-2430,12216), c3=(-4860,11733), cs=90.0ø, cm=101.2ø, ce=112.5ø, pt=(-2467,12458), d=244
   c1=(0,12700), c2=(-1233,12579), c3=(-2467,12458), cs=90.0ø, cm=95.6ø, ce=101.2ø, pt=(-1239,12639), d=60
LINEARISING DONE. c3=(-2467,12458) cs=101.2ø (end=270.0)
LINEARISING: c1=(-2467,12458) max=63
   c1=(-2467,12458), c2=(-7462,4995), c3=(-12458,-2467), cs=101.2ø, cm=146.2ø, ce=191.2ø, pt=(-10554,7065), d=3720
   c1=(-2467,12458), c2=(-6510,9761), c3=(-10554,7065), cs=101.2ø, cm=123.7ø, ce=146.2ø, pt=(-7047,10566), d=967
   c1=(-2467,12458), c2=(-4757,11512), c3=(-7047,10566), cs=101.2ø, cm=112.4ø, ce=123.7ø, pt=(-4840,11742), d=244
   c1=(-2467,12458), c2=(-3653,12100), c3=(-4840,11742), cs=101.2ø, cm=106.8ø, ce=112.4ø, pt=(-3671,12158), d=60
LINEARISING DONE. c3=(-4840,11742) cs=112.4ø (end=270.0)
LINEARISING: c1=(-4840,11742) max=63
   c1=(-4840,11742), c2=(-8291,3451), c3=(-11742,-4840), cs=112.4ø, cm=157.4ø, ce=202.4ø, pt=(-11725,4881), d=3719
   c1=(-4840,11742), c2=(-8282,8311), c3=(-11725,4881), cs=112.4ø, cm=134.9ø, ce=157.4ø, pt=(-8965,8996), d=967
   c1=(-4840,11742), c2=(-6902,10369), c3=(-8965,8996), cs=112.4ø, cm=123.6ø, ce=134.9ø, pt=(-7028,10578), d=244
   c1=(-4840,11742), c2=(-5934,11160), c3=(-7028,10578), cs=112.4ø, cm=118.0ø, ce=123.6ø, pt=(-5962,11213), d=59
LINEARISING DONE. c3=(-7028,10578) cs=123.6ø (end=270.0)
LINEARISING: c1=(-7028,10578) max=63
   c1=(-7028,10578), c2=(-8803,1775), c3=(-10578,-7028), cs=123.6ø, cm=168.6ø, ce=213.6ø, pt=(-12449,2510), d=3719
   c1=(-7028,10578), c2=(-9738,6544), c3=(-12449,2510), cs=123.6ø, cm=146.1ø, ce=168.6ø, pt=(-10541,7083), d=967
   c1=(-7028,10578), c2=(-8784,8830), c3=(-10541,7083), cs=123.6ø, cm=134.8ø, ce=146.1ø, pt=(-8949,9012), d=245
   c1=(-7028,10578), c2=(-7988,9795), c3=(-8949,9012), cs=123.6ø, cm=129.2ø, ce=134.8ø, pt=(-8027,9842), d=61
LINEARISING DONE. c3=(-8949,9012) cs=134.8ø (end=270.0)
LINEARISING: c1=(-8949,9012) max=63
   c1=(-8949,9012), c2=(-8980,31), c3=(-9012,-8949), cs=134.8ø, cm=179.8ø, ce=224.8ø, pt=(-12700,44), d=3720
   c1=(-8949,9012), c2=(-10824,4528), c3=(-12700,44), cs=134.8ø, cm=157.3ø, ce=179.8ø, pt=(-11716,4901), d=966
   c1=(-8949,9012), c2=(-10332,6956), c3=(-11716,4901), cs=134.8ø, cm=146.0ø, ce=157.3ø, pt=(-10529,7102), d=245
   c1=(-8949,9012), c2=(-9739,8057), c3=(-10529,7102), cs=134.8ø, cm=140.4ø, ce=146.0ø, pt=(-9786,8095), d=60
LINEARISING DONE. c3=(-10529,7102) cs=146.0ø (end=270.0)
LINEARISING: c1=(-10529,7102) max=63
   c1=(-10529,7102), c2=(-8815,-1713), c3=(-7102,-10529), cs=146.0ø, cm=191.0ø, ce=236.0ø, pt=(-12467,-2423), d=3720
   c1=(-10529,7102), c2=(-11498,2339), c3=(-12467,-2423), cs=146.0ø, cm=168.5ø, ce=191.0ø, pt=(-12445,2532), d=966
   c1=(-10529,7102), c2=(-11487,4817), c3=(-12445,2532), cs=146.0ø, cm=157.2ø, ce=168.5ø, pt=(-11708,4921), d=244
   c1=(-10529,7102), c2=(-11118,6011), c3=(-11708,4921), cs=146.0ø, cm=151.6ø, ce=157.2ø, pt=(-11172,6040), d=61
LINEARISING DONE. c3=(-11708,4921) cs=157.2ø (end=270.0)
LINEARISING: c1=(-11708,4921) max=63
   c1=(-11708,4921), c2=(-8314,-3393), c3=(-4921,-11708), cs=157.2ø, cm=202.2ø, ce=247.2ø, pt=(-11759,-4799), d=3720
   c1=(-11708,4921), c2=(-11733,61), c3=(-11759,-4799), cs=157.2ø, cm=179.7ø, ce=202.2ø, pt=(-12700,66), d=967
   c1=(-11708,4921), c2=(-12204,2493), c3=(-12700,66), cs=157.2ø, cm=168.4ø, ce=179.7ø, pt=(-12441,2554), d=244
   c1=(-11708,4921), c2=(-12074,3737), c3=(-12441,2554), cs=157.2ø, cm=162.8ø, ce=168.4ø, pt=(-12132,3755), d=60
LINEARISING DONE. c3=(-12441,2554) cs=168.4ø (end=270.0)
LINEARISING: c1=(-12441,2554) max=63
   c1=(-12441,2554), c2=(-7497,-4943), c3=(-2554,-12441), cs=168.4ø, cm=213.4ø, ce=258.4ø, pt=(-10603,-6991), d=3720
   c1=(-12441,2554), c2=(-11522,-2218), c3=(-10603,-6991), cs=168.4ø, cm=190.9ø, ce=213.4ø, pt=(-12471,-2402), d=966
   c1=(-12441,2554), c2=(-12456,76), c3=(-12471,-2402), cs=168.4ø, cm=179.6ø, ce=190.9ø, pt=(-12700,89), d=244
   c1=(-12441,2554), c2=(-12570,1321), c3=(-12700,89), cs=168.4ø, cm=174.0ø, ce=179.6ø, pt=(-12630,1328), d=60
LINEARISING DONE. c3=(-12700,89) cs=179.6ø (end=270.0)
LINEARISING: c1=(-12700,89) max=63
   c1=(-12700,89), c2=(-6394,-6305), c3=(-89,-12700), cs=179.6ø, cm=224.6ø, ce=269.6ø, pt=(-9043,-8917), d=3720
   c1=(-12700,89), c2=(-10871,-4414), c3=(-9043,-8917), cs=179.6ø, cm=202.1ø, ce=224.6ø, pt=(-11767,-4778), d=967
   c1=(-12700,89), c2=(-12233,-2344), c3=(-11767,-4778), cs=179.6ø, cm=190.8ø, ce=202.1ø, pt=(-12475,-2380), d=244
   c1=(-12700,89), c2=(-12587,-1145), c3=(-12475,-2380), cs=179.6ø, cm=185.2ø, ce=190.8ø, pt=(-12648,-1151), d=61
LINEARISING DONE. c3=(-12475,-2380) cs=190.8ø (end=270.0)
LINEARISING: c1=(-12475,-2380) max=63
   c1=(-12475,-2380), c2=(-6237,-7540), c3=(0,-12700), cs=190.8ø, cm=230.4ø, ce=270.0ø, pt=(-8095,-9786), d=2914
   c1=(-12475,-2380), c2=(-10285,-6083), c3=(-8095,-9786), cs=190.8ø, cm=210.6ø, ce=230.4ø, pt=(-10931,-6465), d=750
   c1=(-12475,-2380), c2=(-11703,-4422), c3=(-10931,-6465), cs=190.8ø, cm=200.7ø, ce=210.6ø, pt=(-11880,-4489), d=189
   c1=(-12475,-2380), c2=(-12177,-3434), c3=(-11880,-4489), cs=190.8ø, cm=195.7ø, ce=200.7ø, pt=(-12226,-3437), d=49
LINEARISING DONE. c3=(-11880,-4489) cs=200.7ø (end=270.0)
LINEARISING: c1=(-11880,-4489) max=63
   c1=(-11880,-4489), c2=(-5940,-8594), c3=(0,-12700), cs=200.7ø, cm=235.3ø, ce=270.0ø, pt=(-7230,-10441), d=2252
   c1=(-11880,-4489), c2=(-9555,-7465), c3=(-7230,-10441), cs=200.7ø, cm=218.0ø, ce=235.3ø, pt=(-10008,-7819), d=574
   c1=(-11880,-4489), c2=(-10944,-6154), c3=(-10008,-7819), cs=200.7ø, cm=209.3ø, ce=218.0ø, pt=(-11075,-6215), d=144
   c1=(-11880,-4489), c2=(-11477,-5352), c3=(-11075,-6215), cs=200.7ø, cm=205.0ø, ce=209.3ø, pt=(-11510,-5367), d=36
LINEARISING DONE. c3=(-11075,-6215) cs=209.3ø (end=270.0)
LINEARISING: c1=(-11075,-6215) max=63
   c1=(-11075,-6215), c2=(-5537,-9457), c3=(0,-12700), cs=209.3ø, cm=239.6ø, ce=270.0ø, pt=(-6427,-10954), d=1741
   c1=(-11075,-6215), c2=(-8751,-8584), c3=(-6427,-10954), cs=209.3ø, cm=224.4ø, ce=239.6ø, pt=(-9074,-8886), d=442
   c1=(-11075,-6215), c2=(-10074,-7550), c3=(-9074,-8886), cs=209.3ø, cm=216.8ø, ce=224.4ø, pt=(-10169,-7608), d=111
   c1=(-11075,-6215), c2=(-10622,-6911), c3=(-10169,-7608), cs=209.3ø, cm=213.0ø, ce=216.8ø, pt=(-10651,-6917), d=29
LINEARISING DONE. c3=(-10169,-7608) cs=216.8ø (end=270.0)
LINEARISING: c1=(-10169,-7608) max=63
   c1=(-10169,-7608), c2=(-5084,-10154), c3=(0,-12700), cs=216.8ø, cm=243.4ø, ce=270.0ø, pt=(-5687,-11356), d=1344
   c1=(-10169,-7608), c2=(-7928,-9482), c3=(-5687,-11356), cs=216.8ø, cm=230.1ø, ce=243.4ø, pt=(-8146,-9743), d=340
   c1=(-10169,-7608), c2=(-9157,-8675), c3=(-8146,-9743), cs=216.8ø, cm=223.4ø, ce=230.1ø, pt=(-9227,-8726), d=86
   c1=(-10169,-7608), c2=(-9698,-8167), c3=(-9227,-8726), cs=216.8ø, cm=220.1ø, ce=223.4ø, pt=(-9715,-8180), d=21
LINEARISING DONE. c3=(-9227,-8726) cs=223.4ø (end=270.0)
LINEARISING: c1=(-9227,-8726) max=63
   c1=(-9227,-8726), c2=(-4613,-10713), c3=(0,-12700), cs=223.4ø, cm=246.7ø, ce=270.0ø, pt=(-5023,-11664), d=1035
   c1=(-9227,-8726), c2=(-7125,-10195), c3=(-5023,-11664), cs=223.4ø, cm=235.0ø, ce=246.7ø, pt=(-7284,-10403), d=261
   c1=(-9227,-8726), c2=(-8255,-9564), c3=(-7284,-10403), cs=223.4ø, cm=229.2ø, ce=235.0ø, pt=(-8298,-9614), d=65
   c1=(-9227,-8726), c2=(-8762,-9170), c3=(-8298,-9614), cs=223.4ø, cm=226.3ø, ce=229.2ø, pt=(-8774,-9182), d=16
LINEARISING DONE. c3=(-8298,-9614) cs=229.2ø (end=270.0)
LINEARISING: c1=(-8298,-9614) max=63
   c1=(-8298,-9614), c2=(-4149,-11157), c3=(0,-12700), cs=229.2ø, cm=249.6ø, ce=270.0ø, pt=(-4427,-11903), d=796
   c1=(-8298,-9614), c2=(-6362,-10758), c3=(-4427,-11903), cs=229.2ø, cm=239.4ø, ce=249.6ø, pt=(-6465,-10931), d=201
   c1=(-8298,-9614), c2=(-7381,-10272), c3=(-6465,-10931), cs=229.2ø, cm=234.3ø, ce=239.4ø, pt=(-7411,-10313), d=50
LINEARISING DONE. c3=(-6465,-10931) cs=239.4ø (end=270.0)
LINEARISING: c1=(-6465,-10931) max=63
   c1=(-6465,-10931), c2=(-3232,-11815), c3=(0,-12700), cs=239.4ø, cm=254.7ø, ce=270.0ø, pt=(-3351,-12250), d=450
   c1=(-6465,-10931), c2=(-4908,-11590), c3=(-3351,-12250), cs=239.4ø, cm=247.0ø, ce=254.7ø, pt=(-4962,-11690), d=113
   c1=(-6465,-10931), c2=(-5713,-11310), c3=(-4962,-11690), cs=239.4ø, cm=243.2ø, ce=247.0ø, pt=(-5726,-11336), d=29
LINEARISING DONE. c3=(-4962,-11690) cs=247.0ø (end=270.0)
LINEARISING: c1=(-4962,-11690) max=63
   c1=(-4962,-11690), c2=(-2481,-12195), c3=(0,-12700), cs=247.0ø, cm=258.5ø, ce=270.0ø, pt=(-2532,-12445), d=255
   c1=(-4962,-11690), c2=(-3747,-12067), c3=(-2532,-12445), cs=247.0ø, cm=252.7ø, ce=258.5ø, pt=(-3777,-12125), d=65
   c1=(-4962,-11690), c2=(-4369,-11907), c3=(-3777,-12125), cs=247.0ø, cm=249.8ø, ce=252.7ø, pt=(-4385,-11919), d=20
LINEARISING DONE. c3=(-3777,-12125) cs=252.7ø (end=270.0)
LINEARISING: c1=(-3777,-12125) max=63
   c1=(-3777,-12125), c2=(-1888,-12412), c3=(0,-12700), cs=252.7ø, cm=261.3ø, ce=270.0ø, pt=(-1921,-12554), d=145
   c1=(-3777,-12125), c2=(-2849,-12339), c3=(-1921,-12554), cs=252.7ø, cm=257.0ø, ce=261.3ø, pt=(-2857,-12374), d=35
LINEARISING DONE. c3=(-1921,-12554) cs=261.3ø (end=270.0)
LINEARISING: c1=(-1921,-12554) max=63
   c1=(-1921,-12554), c2=(-960,-12627), c3=(0,-12700), cs=261.3ø, cm=265.6ø, ce=270.0ø, pt=(-974,-12663), d=38
LINEARISING DONE. c3=(0,-12700) cs=270.0ø (end=270.0)
EXPORT ARC: Arc linearised to 21 points.
EXPORT ARC: Unmapped arc: o=(-12700,12700), r=12700, sa=270.0ø, ea= 90.0ø.
EXPORT ARC: CTM: o=(0,0), rot=0.0ø, xscale=1.000000, yscale=1.000000
LINEARISING: c1=(0,-12700) max=63
   c1=(0,-12700), c2=(6350,-6350), c3=(12700,0), cs=270.0ø, cm=315.0ø, ce=360.0ø, pt=(8980,-8980), d=3719
   c1=(0,-12700), c2=(4490,-10840), c3=(8980,-8980), cs=270.0ø, cm=292.5ø, ce=315.0ø, pt=(4860,-11733), d=966
   c1=(0,-12700), c2=(2430,-12216), c3=(4860,-11733), cs=270.0ø, cm=281.2ø, ce=292.5ø, pt=(2467,-12458), d=244
   c1=(0,-12700), c2=(1233,-12579), c3=(2467,-12458), cs=270.0ø, cm=275.6ø, ce=281.2ø, pt=(1239,-12639), d=60
LINEARISING DONE. c3=(2467,-12458) cs=281.2ø (end=450.0)
LINEARISING: c1=(2467,-12458) max=63
   c1=(2467,-12458), c2=(7462,-4995), c3=(12458,2467), cs=281.2ø, cm=326.2ø, ce=371.2ø, pt=(10554,-7065), d=3720
   c1=(2467,-12458), c2=(6510,-9761), c3=(10554,-7065), cs=281.2ø, cm=303.7ø, ce=326.2ø, pt=(7047,-10566), d=967
   c1=(2467,-12458), c2=(4757,-11512), c3=(7047,-10566), cs=281.2ø, cm=292.4ø, ce=303.7ø, pt=(4840,-11742), d=244
   c1=(2467,-12458), c2=(3653,-12100), c3=(4840,-11742), cs=281.2ø, cm=286.8ø, ce=292.4ø, pt=(3671,-12158), d=60
LINEARISING DONE. c3=(4840,-11742) cs=292.4ø (end=450.0)
LINEARISING: c1=(4840,-11742) max=63
   c1=(4840,-11742), c2=(8291,-3451), c3=(11742,4840), cs=292.4ø, cm=337.4ø, ce=382.4ø, pt=(11725,-4881), d=3719
   c1=(4840,-11742), c2=(8282,-8311), c3=(11725,-4881), cs=292.4ø, cm=314.9ø, ce=337.4ø, pt=(8965,-8996), d=967
   c1=(4840,-11742), c2=(6902,-10369), c3=(8965,-8996), cs=292.4ø, cm=303.6ø, ce=314.9ø, pt=(7028,-10578), d=244
   c1=(4840,-11742), c2=(5934,-11160), c3=(7028,-10578), cs=292.4ø, cm=298.0ø, ce=303.6ø, pt=(5962,-11213), d=59
LINEARISING DONE. c3=(7028,-10578) cs=303.6ø (end=450.0)
LINEARISING: c1=(7028,-10578) max=63
   c1=(7028,-10578), c2=(8803,-1775), c3=(10578,7028), cs=303.6ø, cm=348.6ø, ce=393.6ø, pt=(12449,-2510), d=3719
   c1=(7028,-10578), c2=(9738,-6544), c3=(12449,-2510), cs=303.6ø, cm=326.1ø, ce=348.6ø, pt=(10541,-7083), d=967
   c1=(7028,-10578), c2=(8784,-8830), c3=(10541,-7083), cs=303.6ø, cm=314.8ø, ce=326.1ø, pt=(8949,-9012), d=245
   c1=(7028,-10578), c2=(7988,-9795), c3=(8949,-9012), cs=303.6ø, cm=309.2ø, ce=314.8ø, pt=(8027,-9842), d=61
LINEARISING DONE. c3=(8949,-9012) cs=314.8ø (end=450.0)
LINEARISING: c1=(8949,-9012) max=63
   c1=(8949,-9012), c2=(8980,-31), c3=(9012,8949), cs=314.8ø, cm=359.8ø, ce=404.8ø, pt=(12700,-44), d=3720
   c1=(8949,-9012), c2=(10824,-4528), c3=(12700,-44), cs=314.8ø, cm=337.3ø, ce=359.8ø, pt=(11716,-4901), d=966
   c1=(8949,-9012), c2=(10332,-6956), c3=(11716,-4901), cs=314.8ø, cm=326.0ø, ce=337.3ø, pt=(10529,-7102), d=245
   c1=(8949,-9012), c2=(9739,-8057), c3=(10529,-7102), cs=314.8ø, cm=320.4ø, ce=326.0ø, pt=(9786,-8095), d=60
LINEARISING DONE. c3=(10529,-7102) cs=326.0ø (end=450.0)
LINEARISING: c1=(10529,-7102) max=63
   c1=(10529,-7102), c2=(8815,1713), c3=(7102,10529), cs=326.0ø, cm=371.0ø, ce=416.0ø, pt=(12467,2423), d=3720
   c1=(10529,-7102), c2=(11498,-2339), c3=(12467,2423), cs=326.0ø, cm=348.5ø, ce=371.0ø, pt=(12445,-2532), d=966
   c1=(10529,-7102), c2=(11487,-4817), c3=(12445,-2532), cs=326.0ø, cm=337.2ø, ce=348.5ø, pt=(11708,-4921), d=244
   c1=(10529,-7102), c2=(11118,-6011), c3=(11708,-4921), cs=326.0ø, cm=331.6ø, ce=337.2ø, pt=(11172,-6040), d=61
LINEARISING DONE. c3=(11708,-4921) cs=337.2ø (end=450.0)
LINEARISING: c1=(11708,-4921) max=63
   c1=(11708,-4921), c2=(8314,3393), c3=(4921,11708), cs=337.2ø, cm=382.2ø, ce=427.2ø, pt=(11759,4799), d=3720
   c1=(11708,-4921), c2=(11733,-61), c3=(11759,4799), cs=337.2ø, cm=359.7ø, ce=382.2ø, pt=(12700,-66), d=967
   c1=(11708,-4921), c2=(12204,-2493), c3=(12700,-66), cs=337.2ø, cm=348.4ø, ce=359.7ø, pt=(12441,-2554), d=244
   c1=(11708,-4921), c2=(12074,-3737), c3=(12441,-2554), cs=337.2ø, cm=342.8ø, ce=348.4ø, pt=(12132,-3755), d=60
LINEARISING DONE. c3=(12441,-2554) cs=348.4ø (end=450.0)
LINEARISING: c1=(12441,-2554) max=63
   c1=(12441,-2554), c2=(7497,4943), c3=(2554,12441), cs=348.4ø, cm=393.4ø, ce=438.4ø, pt=(10603,6991), d=3720
   c1=(12441,-2554), c2=(11522,2218), c3=(10603,6991), cs=348.4ø, cm=370.9ø, ce=393.4ø, pt=(12471,2402), d=966
   c1=(12441,-2554), c2=(12456,-76), c3=(12471,2402), cs=348.4ø, cm=359.6ø, ce=370.9ø, pt=(12700,-89), d=244
   c1=(12441,-2554), c2=(12570,-1321), c3=(12700,-89), cs=348.4ø, cm=354.0ø, ce=359.6ø, pt=(12630,-1328), d=60
LINEARISING DONE. c3=(12700,-89) cs=359.6ø (end=450.0)
LINEARISING: c1=(12700,-89) max=63
   c1=(12700,-89), c2=(6394,6305), c3=(89,12700), cs=359.6ø, cm=404.6ø, ce=449.6ø, pt=(9043,8917), d=3720
   c1=(12700,-89), c2=(10871,4414), c3=(9043,8917), cs=359.6ø, cm=382.1ø, ce=404.6ø, pt=(11767,4778), d=967
   c1=(12700,-89), c2=(12233,2344), c3=(11767,4778), cs=359.6ø, cm=370.8ø, ce=382.1ø, pt=(12475,2380), d=244
   c1=(12700,-89), c2=(12587,1145), c3=(12475,2380), cs=359.6ø, cm=365.2ø, ce=370.8ø, pt=(12648,1151), d=61
LINEARISING DONE. c3=(12475,2380) cs=370.8ø (end=450.0)
LINEARISING: c1=(12475,2380) max=63
   c1=(12475,2380), c2=(6237,7540), c3=(0,12700), cs=370.8ø, cm=410.4ø, ce=450.0ø, pt=(8095,9786), d=2914
   c1=(12475,2380), c2=(10285,6083), c3=(8095,9786), cs=370.8ø, cm=390.6ø, ce=410.4ø, pt=(10931,6465), d=750
   c1=(12475,2380), c2=(11703,4422), c3=(10931,6465), cs=370.8ø, cm=380.7ø, ce=390.6ø, pt=(11880,4489), d=189
   c1=(12475,2380), c2=(12177,3434), c3=(11880,4489), cs=370.8ø, cm=375.7ø, ce=380.7ø, pt=(12226,3437), d=49
LINEARISING DONE. c3=(11880,4489) cs=380.7ø (end=450.0)
LINEARISING: c1=(11880,4489) max=63
   c1=(11880,4489), c2=(5940,8594), c3=(0,12700), cs=380.7ø, cm=415.3ø, ce=450.0ø, pt=(7230,10441), d=2252
   c1=(11880,4489), c2=(9555,7465), c3=(7230,10441), cs=380.7ø, cm=398.0ø, ce=415.3ø, pt=(10008,7819), d=574
   c1=(11880,4489), c2=(10944,6154), c3=(10008,7819), cs=380.7ø, cm=389.3ø, ce=398.0ø, pt=(11075,6215), d=144
   c1=(11880,4489), c2=(11477,5352), c3=(11075,6215), cs=380.7ø, cm=385.0ø, ce=389.3ø, pt=(11510,5367), d=36
LINEARISING DONE. c3=(11075,6215) cs=389.3ø (end=450.0)
LINEARISING: c1=(11075,6215) max=63
   c1=(11075,6215), c2=(5537,9457), c3=(0,12700), cs=389.3ø, cm=419.6ø, ce=450.0ø, pt=(6427,10954), d=1741
   c1=(11075,6215), c2=(8751,8584), c3=(6427,10954), cs=389.3ø, cm=404.4ø, ce=419.6ø, pt=(9074,8886), d=442
   c1=(11075,6215), c2=(10074,7550), c3=(9074,8886), cs=389.3ø, cm=396.8ø, ce=404.4ø, pt=(10169,7608), d=111
   c1=(11075,6215), c2=(10622,6911), c3=(10169,7608), cs=389.3ø, cm=393.0ø, ce=396.8ø, pt=(10651,6917), d=29
LINEARISING DONE. c3=(10169,7608) cs=396.8ø (end=450.0)
LINEARISING: c1=(10169,7608) max=63
   c1=(10169,7608), c2=(5084,10154), c3=(0,12700), cs=396.8ø, cm=423.4ø, ce=450.0ø, pt=(5687,11356), d=1344
   c1=(10169,7608), c2=(7928,9482), c3=(5687,11356), cs=396.8ø, cm=410.1ø, ce=423.4ø, pt=(8146,9743), d=340
   c1=(10169,7608), c2=(9157,8675), c3=(8146,9743), cs=396.8ø, cm=403.4ø, ce=410.1ø, pt=(9227,8726), d=86
   c1=(10169,7608), c2=(9698,8167), c3=(9227,8726), cs=396.8ø, cm=400.1ø, ce=403.4ø, pt=(9715,8180), d=21
LINEARISING DONE. c3=(9227,8726) cs=403.4ø (end=450.0)
LINEARISING: c1=(9227,8726) max=63
   c1=(9227,8726), c2=(4613,10713), c3=(0,12700), cs=403.4ø, cm=426.7ø, ce=450.0ø, pt=(5023,11664), d=1035
   c1=(9227,8726), c2=(7125,10195), c3=(5023,11664), cs=403.4ø, cm=415.0ø, ce=426.7ø, pt=(7284,10403), d=261
   c1=(9227,8726), c2=(8255,9564), c3=(7284,10403), cs=403.4ø, cm=409.2ø, ce=415.0ø, pt=(8298,9614), d=65
   c1=(9227,8726), c2=(8762,9170), c3=(8298,9614), cs=403.4ø, cm=406.3ø, ce=409.2ø, pt=(8774,9182), d=16
LINEARISING DONE. c3=(8298,9614) cs=409.2ø (end=450.0)
LINEARISING: c1=(8298,9614) max=63
   c1=(8298,9614), c2=(4149,11157), c3=(0,12700), cs=409.2ø, cm=429.6ø, ce=450.0ø, pt=(4427,11903), d=796
   c1=(8298,9614), c2=(6362,10758), c3=(4427,11903), cs=409.2ø, cm=419.4ø, ce=429.6ø, pt=(6465,10931), d=201
   c1=(8298,9614), c2=(7381,10272), c3=(6465,10931), cs=409.2ø, cm=414.3ø, ce=419.4ø, pt=(7411,10313), d=50
LINEARISING DONE. c3=(6465,10931) cs=419.4ø (end=450.0)
LINEARISING: c1=(6465,10931) max=63
   c1=(6465,10931), c2=(3232,11815), c3=(0,12700), cs=419.4ø, cm=434.7ø, ce=450.0ø, pt=(3351,12250), d=450
   c1=(6465,10931), c2=(4908,11590), c3=(3351,12250), cs=419.4ø, cm=427.0ø, ce=434.7ø, pt=(4962,11690), d=113
   c1=(6465,10931), c2=(5713,11310), c3=(4962,11690), cs=419.4ø, cm=423.2ø, ce=427.0ø, pt=(5726,11336), d=29
LINEARISING DONE. c3=(4962,11690) cs=427.0ø (end=450.0)
LINEARISING: c1=(4962,11690) max=63
   c1=(4962,11690), c2=(2481,12195), c3=(0,12700), cs=427.0ø, cm=438.5ø, ce=450.0ø, pt=(2532,12445), d=255
   c1=(4962,11690), c2=(3747,12067), c3=(2532,12445), cs=427.0ø, cm=432.7ø, ce=438.5ø, pt=(3777,12125), d=65
   c1=(4962,11690), c2=(4369,11907), c3=(3777,12125), cs=427.0ø, cm=429.8ø, ce=432.7ø, pt=(4385,11919), d=20
LINEARISING DONE. c3=(3777,12125) cs=432.7ø (end=450.0)
LINEARISING: c1=(3777,12125) max=63
   c1=(3777,12125), c2=(1888,12412), c3=(0,12700), cs=432.7ø, cm=441.3ø, ce=450.0ø, pt=(1921,12554), d=145
   c1=(3777,12125), c2=(2849,12339), c3=(1921,12554), cs=432.7ø, cm=437.0ø, ce=441.3ø, pt=(2857,12374), d=35
LINEARISING DONE. c3=(1921,12554) cs=441.3ø (end=450.0)
LINEARISING: c1=(1921,12554) max=63
   c1=(1921,12554), c2=(960,12627), c3=(0,12700), cs=441.3ø, cm=445.6ø, ce=450.0ø, pt=(974,12663), d=38
LINEARISING DONE. c3=(0,12700) cs=450.0ø (end=450.0)
EXPORT ARC: Arc linearised to 21 points.
